# JRE version: OpenJDK Runtime Environment (8.0_222-b10) (build 1.8.0_222-Huawei_JDK_V100R001C00SPC150B002-b10)
# Java VM: OpenJDK 64-Bit Server VM (25.222-b10 mixed mode windows-amd64 compressed oops)
Heap:
 PSYoungGen      total 455680K, used 257191K [0x00000000d5580000, 0x00000000f7e80000, 0x0000000100000000)
  eden space 361472K, 66% used [0x00000000d5580000,0x00000000e3fdc678,0x00000000eb680000)
  from space 94208K, 18% used [0x00000000f2280000,0x00000000f334d910,0x00000000f7e80000)
  to   space 102400K, 0% used [0x00000000eb680000,0x00000000eb680000,0x00000000f1a80000)
 ParOldGen       total 387584K, used 79804K [0x0000000080000000, 0x0000000097a80000, 0x00000000d5580000)
  object space 387584K, 20% used [0x0000000080000000,0x0000000084def1b0,0x0000000097a80000)
 Metaspace       used 97978K, capacity 103134K, committed 103956K, reserved 1138688K
  class space    used 12783K, capacity 13882K, committed 14140K, reserved 1048576K
GC Heap History (56 events):
Event: 2.876 GC heap before
{Heap before GC invocations=1 (full 0):
 PSYoungGen      total 75776K, used 65024K [0x00000000d5580000, 0x00000000daa00000, 0x0000000100000000)
  eden space 65024K, 100% used [0x00000000d5580000,0x00000000d9500000,0x00000000d9500000)
  from space 10752K, 0% used [0x00000000d9f80000,0x00000000d9f80000,0x00000000daa00000)
  to   space 10752K, 0% used [0x00000000d9500000,0x00000000d9500000,0x00000000d9f80000)
 ParOldGen       total 173568K, used 0K [0x0000000080000000, 0x000000008a980000, 0x00000000d5580000)
  object space 173568K, 0% used [0x0000000080000000,0x0000000080000000,0x000000008a980000)
 Metaspace       used 7746K, capacity 8046K, committed 8320K, reserved 1056768K
  class space    used 961K, capacity 1041K, committed 1152K, reserved 1048576K
Event: 2.887 GC heap after
Heap after GC invocations=1 (full 0):
 PSYoungGen      total 75776K, used 5913K [0x00000000d5580000, 0x00000000daa00000, 0x0000000100000000)
  eden space 65024K, 0% used [0x00000000d5580000,0x00000000d5580000,0x00000000d9500000)
  from space 10752K, 55% used [0x00000000d9500000,0x00000000d9ac6730,0x00000000d9f80000)
  to   space 10752K, 0% used [0x00000000d9f80000,0x00000000d9f80000,0x00000000daa00000)
 ParOldGen       total 173568K, used 16K [0x0000000080000000, 0x000000008a980000, 0x00000000d5580000)
  object space 173568K, 0% used [0x0000000080000000,0x0000000080004000,0x000000008a980000)
 Metaspace       used 7746K, capacity 8046K, committed 8320K, reserved 1056768K
  class space    used 961K, capacity 1041K, committed 1152K, reserved 1048576K
}
Event: 5.398 GC heap before
{Heap before GC invocations=2 (full 0):
 PSYoungGen      total 75776K, used 70937K [0x00000000d5580000, 0x00000000daa00000, 0x0000000100000000)
  eden space 65024K, 100% used [0x00000000d5580000,0x00000000d9500000,0x00000000d9500000)
  from space 10752K, 55% used [0x00000000d9500000,0x00000000d9ac6730,0x00000000d9f80000)
  to   space 10752K, 0% used [0x00000000d9f80000,0x00000000d9f80000,0x00000000daa00000)
 ParOldGen       total 173568K, used 16K [0x0000000080000000, 0x000000008a980000, 0x00000000d5580000)
  object space 173568K, 0% used [0x0000000080000000,0x0000000080004000,0x000000008a980000)
 Metaspace       used 14203K, capacity 14778K, committed 14976K, reserved 1062912K
  class space    used 1974K, capacity 2123K, committed 2176K, reserved 1048576K
Event: 5.410 GC heap after
Heap after GC invocations=2 (full 0):
 PSYoungGen      total 75776K, used 9037K [0x00000000d5580000, 0x00000000daa00000, 0x0000000100000000)
  eden space 65024K, 0% used [0x00000000d5580000,0x00000000d5580000,0x00000000d9500000)
  from space 10752K, 84% used [0x00000000d9f80000,0x00000000da853768,0x00000000daa00000)
  to   space 10752K, 0% used [0x00000000d9500000,0x00000000d9500000,0x00000000d9f80000)
 ParOldGen       total 173568K, used 24K [0x0000000080000000, 0x000000008a980000, 0x00000000d5580000)
  object space 173568K, 0% used [0x0000000080000000,0x0000000080006000,0x000000008a980000)
 Metaspace       used 14203K, capacity 14778K, committed 14976K, reserved 1062912K
  class space    used 1974K, capacity 2123K, committed 2176K, reserved 1048576K
}
Event: 6.916 GC heap before
{Heap before GC invocations=3 (full 0):
 PSYoungGen      total 75776K, used 74061K [0x00000000d5580000, 0x00000000daa00000, 0x0000000100000000)
  eden space 65024K, 100% used [0x00000000d5580000,0x00000000d9500000,0x00000000d9500000)
  from space 10752K, 84% used [0x00000000d9f80000,0x00000000da853768,0x00000000daa00000)
  to   space 10752K, 0% used [0x00000000d9500000,0x00000000d9500000,0x00000000d9f80000)
 ParOldGen       total 173568K, used 24K [0x0000000080000000, 0x000000008a980000, 0x00000000d5580000)
  object space 173568K, 0% used [0x0000000080000000,0x0000000080006000,0x000000008a980000)
 Metaspace       used 19673K, capacity 20346K, committed 20608K, reserved 1067008K
  class space    used 2761K, capacity 2923K, committed 2944K, reserved 1048576K
Event: 6.936 GC heap after
Heap after GC invocations=3 (full 0):
 PSYoungGen      total 75776K, used 10721K [0x00000000d5580000, 0x00000000daa00000, 0x0000000100000000)
  eden space 65024K, 0% used [0x00000000d5580000,0x00000000d5580000,0x00000000d9500000)
  from space 10752K, 99% used [0x00000000d9500000,0x00000000d9f785d8,0x00000000d9f80000)
  to   space 10752K, 0% used [0x00000000d9f80000,0x00000000d9f80000,0x00000000daa00000)
 ParOldGen       total 173568K, used 642K [0x0000000080000000, 0x000000008a980000, 0x00000000d5580000)
  object space 173568K, 0% used [0x0000000080000000,0x00000000800a0a38,0x000000008a980000)
 Metaspace       used 19673K, capacity 20346K, committed 20608K, reserved 1067008K
  class space    used 2761K, capacity 2923K, committed 2944K, reserved 1048576K
}
Event: 7.386 GC heap before
{Heap before GC invocations=4 (full 0):
 PSYoungGen      total 75776K, used 20450K [0x00000000d5580000, 0x00000000daa00000, 0x0000000100000000)
  eden space 65024K, 14% used [0x00000000d5580000,0x00000000d5f00440,0x00000000d9500000)
  from space 10752K, 99% used [0x00000000d9500000,0x00000000d9f785d8,0x00000000d9f80000)
  to   space 10752K, 0% used [0x00000000d9f80000,0x00000000d9f80000,0x00000000daa00000)
 ParOldGen       total 173568K, used 642K [0x0000000080000000, 0x000000008a980000, 0x00000000d5580000)
  object space 173568K, 0% used [0x0000000080000000,0x00000000800a0a38,0x000000008a980000)
 Metaspace       used 20497K, capacity 21198K, committed 21248K, reserved 1067008K
  class space    used 2890K, capacity 3071K, committed 3072K, reserved 1048576K
Event: 7.406 GC heap after
Heap after GC invocations=4 (full 0):
 PSYoungGen      total 75776K, used 7651K [0x00000000d5580000, 0x00000000de980000, 0x0000000100000000)
  eden space 65024K, 0% used [0x00000000d5580000,0x00000000d5580000,0x00000000d9500000)
  from space 10752K, 71% used [0x00000000d9f80000,0x00000000da6f8e10,0x00000000daa00000)
  to   space 10752K, 0% used [0x00000000d9500000,0x00000000d9500000,0x00000000d9f80000)
 ParOldGen       total 173568K, used 650K [0x0000000080000000, 0x000000008a980000, 0x00000000d5580000)
  object space 173568K, 0% used [0x0000000080000000,0x00000000800a2a38,0x000000008a980000)
 Metaspace       used 20497K, capacity 21198K, committed 21248K, reserved 1067008K
  class space    used 2890K, capacity 3071K, committed 3072K, reserved 1048576K
}
Event: 7.406 GC heap before
{Heap before GC invocations=5 (full 1):
 PSYoungGen      total 75776K, used 7651K [0x00000000d5580000, 0x00000000de980000, 0x0000000100000000)
  eden space 65024K, 0% used [0x00000000d5580000,0x00000000d5580000,0x00000000d9500000)
  from space 10752K, 71% used [0x00000000d9f80000,0x00000000da6f8e10,0x00000000daa00000)
  to   space 10752K, 0% used [0x00000000d9500000,0x00000000d9500000,0x00000000d9f80000)
 ParOldGen       total 173568K, used 650K [0x0000000080000000, 0x000000008a980000, 0x00000000d5580000)
  object space 173568K, 0% used [0x0000000080000000,0x00000000800a2a38,0x000000008a980000)
 Metaspace       used 20497K, capacity 21198K, committed 21248K, reserved 1067008K
  class space    used 2890K, capacity 3071K, committed 3072K, reserved 1048576K
Event: 7.488 GC heap after
Heap after GC invocations=5 (full 1):
 PSYoungGen      total 75776K, used 0K [0x00000000d5580000, 0x00000000de980000, 0x0000000100000000)
  eden space 65024K, 0% used [0x00000000d5580000,0x00000000d5580000,0x00000000d9500000)
  from space 10752K, 0% used [0x00000000d9f80000,0x00000000d9f80000,0x00000000daa00000)
  to   space 10752K, 0% used [0x00000000d9500000,0x00000000d9500000,0x00000000d9f80000)
 ParOldGen       total 99840K, used 7504K [0x0000000080000000, 0x0000000086180000, 0x00000000d5580000)
  object space 99840K, 7% used [0x0000000080000000,0x0000000080754050,0x0000000086180000)
 Metaspace       used 20497K, capacity 21198K, committed 21248K, reserved 1067008K
  class space    used 2890K, capacity 3071K, committed 3072K, reserved 1048576K
}
Event: 9.757 GC heap before
{Heap before GC invocations=6 (full 1):
 PSYoungGen      total 75776K, used 65024K [0x00000000d5580000, 0x00000000de980000, 0x0000000100000000)
  eden space 65024K, 100% used [0x00000000d5580000,0x00000000d9500000,0x00000000d9500000)
  from space 10752K, 0% used [0x00000000d9f80000,0x00000000d9f80000,0x00000000daa00000)
  to   space 10752K, 0% used [0x00000000d9500000,0x00000000d9500000,0x00000000d9f80000)
 ParOldGen       total 99840K, used 7504K [0x0000000080000000, 0x0000000086180000, 0x00000000d5580000)
  object space 99840K, 7% used [0x0000000080000000,0x0000000080754050,0x0000000086180000)
 Metaspace       used 24315K, capacity 25374K, committed 25600K, reserved 1071104K
  class space    used 3510K, capacity 3773K, committed 3840K, reserved 1048576K
Event: 9.770 GC heap after
Heap after GC invocations=6 (full 1):
 PSYoungGen      total 75776K, used 5801K [0x00000000d5580000, 0x00000000dd000000, 0x0000000100000000)
  eden space 65024K, 0% used [0x00000000d5580000,0x00000000d5580000,0x00000000d9500000)
  from space 10752K, 53% used [0x00000000d9500000,0x00000000d9aaa420,0x00000000d9f80000)
  to   space 12288K, 0% used [0x00000000dc400000,0x00000000dc400000,0x00000000dd000000)
 ParOldGen       total 99840K, used 7504K [0x0000000080000000, 0x0000000086180000, 0x00000000d5580000)
  object space 99840K, 7% used [0x0000000080000000,0x0000000080754050,0x0000000086180000)
 Metaspace       used 24315K, capacity 25374K, committed 25600K, reserved 1071104K
  class space    used 3510K, capacity 3773K, committed 3840K, reserved 1048576K
}
Event: 11.369 GC heap before
{Heap before GC invocations=7 (full 1):
 PSYoungGen      total 75776K, used 70825K [0x00000000d5580000, 0x00000000dd000000, 0x0000000100000000)
  eden space 65024K, 100% used [0x00000000d5580000,0x00000000d9500000,0x00000000d9500000)
  from space 10752K, 53% used [0x00000000d9500000,0x00000000d9aaa420,0x00000000d9f80000)
  to   space 12288K, 0% used [0x00000000dc400000,0x00000000dc400000,0x00000000dd000000)
 ParOldGen       total 99840K, used 7504K [0x0000000080000000, 0x0000000086180000, 0x00000000d5580000)
  object space 99840K, 7% used [0x0000000080000000,0x0000000080754050,0x0000000086180000)
 Metaspace       used 32491K, capacity 33674K, committed 33920K, reserved 1079296K
  class space    used 4433K, capacity 4705K, committed 4736K, reserved 1048576K
Event: 11.398 GC heap after
Heap after GC invocations=7 (full 1):
 PSYoungGen      total 112128K, used 10797K [0x00000000d5580000, 0x00000000dd380000, 0x0000000100000000)
  eden space 99840K, 0% used [0x00000000d5580000,0x00000000d5580000,0x00000000db700000)
  from space 12288K, 87% used [0x00000000dc400000,0x00000000dce8b7b8,0x00000000dd000000)
  to   space 13312K, 0% used [0x00000000db700000,0x00000000db700000,0x00000000dc400000)
 ParOldGen       total 99840K, used 7512K [0x0000000080000000, 0x0000000086180000, 0x00000000d5580000)
  object space 99840K, 7% used [0x0000000080000000,0x0000000080756050,0x0000000086180000)
 Metaspace       used 32491K, capacity 33674K, committed 33920K, reserved 1079296K
  class space    used 4433K, capacity 4705K, committed 4736K, reserved 1048576K
}
Event: 12.652 GC heap before
{Heap before GC invocations=8 (full 1):
 PSYoungGen      total 112128K, used 51818K [0x00000000d5580000, 0x00000000dd380000, 0x0000000100000000)
  eden space 99840K, 41% used [0x00000000d5580000,0x00000000d7d8f2d8,0x00000000db700000)
  from space 12288K, 87% used [0x00000000dc400000,0x00000000dce8b7b8,0x00000000dd000000)
  to   space 13312K, 0% used [0x00000000db700000,0x00000000db700000,0x00000000dc400000)
 ParOldGen       total 99840K, used 7512K [0x0000000080000000, 0x0000000086180000, 0x00000000d5580000)
  object space 99840K, 7% used [0x0000000080000000,0x0000000080756050,0x0000000086180000)
 Metaspace       used 34015K, capacity 35324K, committed 35416K, reserved 1079296K
  class space    used 4661K, capacity 4978K, committed 4992K, reserved 1048576K
Event: 12.677 GC heap after
Heap after GC invocations=8 (full 1):
 PSYoungGen      total 113152K, used 10194K [0x00000000d5580000, 0x00000000e0c00000, 0x0000000100000000)
  eden space 99840K, 0% used [0x00000000d5580000,0x00000000d5580000,0x00000000db700000)
  from space 13312K, 76% used [0x00000000db700000,0x00000000dc0f4bd8,0x00000000dc400000)
  to   space 13824K, 0% used [0x00000000dfe80000,0x00000000dfe80000,0x00000000e0c00000)
 ParOldGen       total 99840K, used 7520K [0x0000000080000000, 0x0000000086180000, 0x00000000d5580000)
  object space 99840K, 7% used [0x0000000080000000,0x0000000080758050,0x0000000086180000)
 Metaspace       used 34015K, capacity 35324K, committed 35416K, reserved 1079296K
  class space    used 4661K, capacity 4978K, committed 4992K, reserved 1048576K
}
Event: 12.677 GC heap before
{Heap before GC invocations=9 (full 2):
 PSYoungGen      total 113152K, used 10194K [0x00000000d5580000, 0x00000000e0c00000, 0x0000000100000000)
  eden space 99840K, 0% used [0x00000000d5580000,0x00000000d5580000,0x00000000db700000)
  from space 13312K, 76% used [0x00000000db700000,0x00000000dc0f4bd8,0x00000000dc400000)
  to   space 13824K, 0% used [0x00000000dfe80000,0x00000000dfe80000,0x00000000e0c00000)
 ParOldGen       total 99840K, used 7520K [0x0000000080000000, 0x0000000086180000, 0x00000000d5580000)
  object space 99840K, 7% used [0x0000000080000000,0x0000000080758050,0x0000000086180000)
 Metaspace       used 34015K, capacity 35324K, committed 35416K, reserved 1079296K
  class space    used 4661K, capacity 4978K, committed 4992K, reserved 1048576K
Event: 12.799 GC heap after
Heap after GC invocations=9 (full 2):
 PSYoungGen      total 113152K, used 0K [0x00000000d5580000, 0x00000000e0c00000, 0x0000000100000000)
  eden space 99840K, 0% used [0x00000000d5580000,0x00000000d5580000,0x00000000db700000)
  from space 13312K, 0% used [0x00000000db700000,0x00000000db700000,0x00000000dc400000)
  to   space 13824K, 0% used [0x00000000dfe80000,0x00000000dfe80000,0x00000000e0c00000)
 ParOldGen       total 156672K, used 16633K [0x0000000080000000, 0x0000000089900000, 0x00000000d5580000)
  object space 156672K, 10% used [0x0000000080000000,0x000000008103e708,0x0000000089900000)
 Metaspace       used 34015K, capacity 35324K, committed 35416K, reserved 1079296K
  class space    used 4661K, capacity 4978K, committed 4992K, reserved 1048576K
}
Event: 14.904 GC heap before
{Heap before GC invocations=10 (full 2):
 PSYoungGen      total 113152K, used 99840K [0x00000000d5580000, 0x00000000e0c00000, 0x0000000100000000)
  eden space 99840K, 100% used [0x00000000d5580000,0x00000000db700000,0x00000000db700000)
  from space 13312K, 0% used [0x00000000db700000,0x00000000db700000,0x00000000dc400000)
  to   space 13824K, 0% used [0x00000000dfe80000,0x00000000dfe80000,0x00000000e0c00000)
 ParOldGen       total 156672K, used 16633K [0x0000000080000000, 0x0000000089900000, 0x00000000d5580000)
  object space 156672K, 10% used [0x0000000080000000,0x000000008103e708,0x0000000089900000)
 Metaspace       used 38396K, capacity 40196K, committed 40280K, reserved 1083392K
  class space    used 5338K, capacity 5743K, committed 5760K, reserved 1048576K
Event: 14.914 GC heap after
Heap after GC invocations=10 (full 2):
 PSYoungGen      total 153088K, used 9498K [0x00000000d5580000, 0x00000000e0800000, 0x0000000100000000)
  eden space 143360K, 0% used [0x00000000d5580000,0x00000000d5580000,0x00000000de180000)
  from space 9728K, 97% used [0x00000000dfe80000,0x00000000e07c6ba0,0x00000000e0800000)
  to   space 13312K, 0% used [0x00000000dee00000,0x00000000dee00000,0x00000000dfb00000)
 ParOldGen       total 156672K, used 16641K [0x0000000080000000, 0x0000000089900000, 0x00000000d5580000)
  object space 156672K, 10% used [0x0000000080000000,0x0000000081040708,0x0000000089900000)
 Metaspace       used 38396K, capacity 40196K, committed 40280K, reserved 1083392K
  class space    used 5338K, capacity 5743K, committed 5760K, reserved 1048576K
}
Event: 17.993 GC heap before
{Heap before GC invocations=11 (full 2):
 PSYoungGen      total 153088K, used 152858K [0x00000000d5580000, 0x00000000e0800000, 0x0000000100000000)
  eden space 143360K, 100% used [0x00000000d5580000,0x00000000de180000,0x00000000de180000)
  from space 9728K, 97% used [0x00000000dfe80000,0x00000000e07c6ba0,0x00000000e0800000)
  to   space 13312K, 0% used [0x00000000dee00000,0x00000000dee00000,0x00000000dfb00000)
 ParOldGen       total 156672K, used 16641K [0x0000000080000000, 0x0000000089900000, 0x00000000d5580000)
  object space 156672K, 10% used [0x0000000080000000,0x0000000081040708,0x0000000089900000)
 Metaspace       used 48377K, capacity 50650K, committed 50904K, reserved 1093632K
  class space    used 6623K, capacity 7111K, committed 7168K, reserved 1048576K
Event: 18.025 GC heap after
Heap after GC invocations=11 (full 2):
 PSYoungGen      total 169472K, used 13292K [0x00000000d5580000, 0x00000000e2700000, 0x0000000100000000)
  eden space 156160K, 0% used [0x00000000d5580000,0x00000000d5580000,0x00000000dee00000)
  from space 13312K, 99% used [0x00000000dee00000,0x00000000dfafb310,0x00000000dfb00000)
  to   space 17408K, 0% used [0x00000000e1600000,0x00000000e1600000,0x00000000e2700000)
 ParOldGen       total 156672K, used 23101K [0x0000000080000000, 0x0000000089900000, 0x00000000d5580000)
  object space 156672K, 14% used [0x0000000080000000,0x000000008168f6d0,0x0000000089900000)
 Metaspace       used 48377K, capacity 50650K, committed 50904K, reserved 1093632K
  class space    used 6623K, capacity 7111K, committed 7168K, reserved 1048576K
}
Event: 20.534 GC heap before
{Heap before GC invocations=12 (full 2):
 PSYoungGen      total 169472K, used 106998K [0x00000000d5580000, 0x00000000e2700000, 0x0000000100000000)
  eden space 156160K, 60% used [0x00000000d5580000,0x00000000db102620,0x00000000dee00000)
  from space 13312K, 99% used [0x00000000dee00000,0x00000000dfafb310,0x00000000dfb00000)
  to   space 17408K, 0% used [0x00000000e1600000,0x00000000e1600000,0x00000000e2700000)
 ParOldGen       total 156672K, used 23101K [0x0000000080000000, 0x0000000089900000, 0x00000000d5580000)
  object space 156672K, 14% used [0x0000000080000000,0x000000008168f6d0,0x0000000089900000)
 Metaspace       used 56393K, capacity 58978K, committed 59028K, reserved 1099776K
  class space    used 7768K, capacity 8330K, committed 8380K, reserved 1048576K
Event: 20.567 GC heap after
Heap after GC invocations=12 (full 2):
 PSYoungGen      total 192512K, used 17404K [0x00000000d5580000, 0x00000000e4000000, 0x0000000100000000)
  eden space 175104K, 0% used [0x00000000d5580000,0x00000000d5580000,0x00000000e0080000)
  from space 17408K, 99% used [0x00000000e1600000,0x00000000e26ff340,0x00000000e2700000)
  to   space 22016K, 0% used [0x00000000e0080000,0x00000000e0080000,0x00000000e1600000)
 ParOldGen       total 156672K, used 30373K [0x0000000080000000, 0x0000000089900000, 0x00000000d5580000)
  object space 156672K, 19% used [0x0000000080000000,0x0000000081da96d0,0x0000000089900000)
 Metaspace       used 56393K, capacity 58978K, committed 59028K, reserved 1099776K
  class space    used 7768K, capacity 8330K, committed 8380K, reserved 1048576K
}
Event: 20.567 GC heap before
{Heap before GC invocations=13 (full 3):
 PSYoungGen      total 192512K, used 17404K [0x00000000d5580000, 0x00000000e4000000, 0x0000000100000000)
  eden space 175104K, 0% used [0x00000000d5580000,0x00000000d5580000,0x00000000e0080000)
  from space 17408K, 99% used [0x00000000e1600000,0x00000000e26ff340,0x00000000e2700000)
  to   space 22016K, 0% used [0x00000000e0080000,0x00000000e0080000,0x00000000e1600000)
 ParOldGen       total 156672K, used 30373K [0x0000000080000000, 0x0000000089900000, 0x00000000d5580000)
  object space 156672K, 19% used [0x0000000080000000,0x0000000081da96d0,0x0000000089900000)
 Metaspace       used 56393K, capacity 58978K, committed 59028K, reserved 1099776K
  class space    used 7768K, capacity 8330K, committed 8380K, reserved 1048576K
Event: 21.039 GC heap after
Heap after GC invocations=13 (full 3):
 PSYoungGen      total 192512K, used 0K [0x00000000d5580000, 0x00000000e4000000, 0x0000000100000000)
  eden space 175104K, 0% used [0x00000000d5580000,0x00000000d5580000,0x00000000e0080000)
  from space 17408K, 0% used [0x00000000e1600000,0x00000000e1600000,0x00000000e2700000)
  to   space 22016K, 0% used [0x00000000e0080000,0x00000000e0080000,0x00000000e1600000)
 ParOldGen       total 243712K, used 39339K [0x0000000080000000, 0x000000008ee00000, 0x00000000d5580000)
  object space 243712K, 16% used [0x0000000080000000,0x000000008266acb0,0x000000008ee00000)
 Metaspace       used 56350K, capacity 58834K, committed 59028K, reserved 1099776K
  class space    used 7755K, capacity 8306K, committed 8380K, reserved 1048576K
}
Event: 24.916 GC heap before
{Heap before GC invocations=14 (full 3):
 PSYoungGen      total 192512K, used 175104K [0x00000000d5580000, 0x00000000e4000000, 0x0000000100000000)
  eden space 175104K, 100% used [0x00000000d5580000,0x00000000e0080000,0x00000000e0080000)
  from space 17408K, 0% used [0x00000000e1600000,0x00000000e1600000,0x00000000e2700000)
  to   space 22016K, 0% used [0x00000000e0080000,0x00000000e0080000,0x00000000e1600000)
 ParOldGen       total 243712K, used 39339K [0x0000000080000000, 0x000000008ee00000, 0x00000000d5580000)
  object space 243712K, 16% used [0x0000000080000000,0x000000008266acb0,0x000000008ee00000)
 Metaspace       used 63398K, capacity 66546K, committed 66836K, reserved 1105920K
  class space    used 8698K, capacity 9471K, committed 9532K, reserved 1048576K
Event: 24.962 GC heap after
Heap after GC invocations=14 (full 3):
 PSYoungGen      total 197120K, used 16052K [0x00000000d5580000, 0x00000000e4a00000, 0x0000000100000000)
  eden space 175104K, 0% used [0x00000000d5580000,0x00000000d5580000,0x00000000e0080000)
  from space 22016K, 72% used [0x00000000e0080000,0x00000000e102d2d0,0x00000000e1600000)
  to   space 22528K, 0% used [0x00000000e3400000,0x00000000e3400000,0x00000000e4a00000)
 ParOldGen       total 243712K, used 39347K [0x0000000080000000, 0x000000008ee00000, 0x00000000d5580000)
  object space 243712K, 16% used [0x0000000080000000,0x000000008266ccb0,0x000000008ee00000)
 Metaspace       used 63398K, capacity 66546K, committed 66836K, reserved 1105920K
  class space    used 8698K, capacity 9471K, committed 9532K, reserved 1048576K
}
Event: 29.600 GC heap before
{Heap before GC invocations=15 (full 3):
 PSYoungGen      total 197120K, used 191156K [0x00000000d5580000, 0x00000000e4a00000, 0x0000000100000000)
  eden space 175104K, 100% used [0x00000000d5580000,0x00000000e0080000,0x00000000e0080000)
  from space 22016K, 72% used [0x00000000e0080000,0x00000000e102d2d0,0x00000000e1600000)
  to   space 22528K, 0% used [0x00000000e3400000,0x00000000e3400000,0x00000000e4a00000)
 ParOldGen       total 243712K, used 39347K [0x0000000080000000, 0x000000008ee00000, 0x00000000d5580000)
  object space 243712K, 16% used [0x0000000080000000,0x000000008266ccb0,0x000000008ee00000)
 Metaspace       used 72074K, capacity 76000K, committed 76180K, reserved 1114112K
  class space    used 9934K, capacity 10838K, committed 10940K, reserved 1048576K
Event: 29.649 GC heap after
Heap after GC invocations=15 (full 3):
 PSYoungGen      total 222208K, used 22504K [0x00000000d5580000, 0x00000000e5400000, 0x0000000100000000)
  eden space 199680K, 0% used [0x00000000d5580000,0x00000000d5580000,0x00000000e1880000)
  from space 22528K, 99% used [0x00000000e3400000,0x00000000e49fa0a0,0x00000000e4a00000)
  to   space 28160K, 0% used [0x00000000e1880000,0x00000000e1880000,0x00000000e3400000)
 ParOldGen       total 243712K, used 45686K [0x0000000080000000, 0x000000008ee00000, 0x00000000d5580000)
  object space 243712K, 18% used [0x0000000080000000,0x0000000082c9dbe8,0x000000008ee00000)
 Metaspace       used 72074K, capacity 76000K, committed 76180K, reserved 1114112K
  class space    used 9934K, capacity 10838K, committed 10940K, reserved 1048576K
}
Event: 34.510 GC heap before
{Heap before GC invocations=16 (full 3):
 PSYoungGen      total 222208K, used 222184K [0x00000000d5580000, 0x00000000e5400000, 0x0000000100000000)
  eden space 199680K, 100% used [0x00000000d5580000,0x00000000e1880000,0x00000000e1880000)
  from space 22528K, 99% used [0x00000000e3400000,0x00000000e49fa0a0,0x00000000e4a00000)
  to   space 28160K, 0% used [0x00000000e1880000,0x00000000e1880000,0x00000000e3400000)
 ParOldGen       total 243712K, used 45686K [0x0000000080000000, 0x000000008ee00000, 0x00000000d5580000)
  object space 243712K, 18% used [0x0000000080000000,0x0000000082c9dbe8,0x000000008ee00000)
 Metaspace       used 76597K, capacity 80916K, committed 81172K, reserved 1118208K
  class space    used 10509K, capacity 11476K, committed 11580K, reserved 1048576K
Event: 34.577 GC heap after
Heap after GC invocations=16 (full 3):
 PSYoungGen      total 227840K, used 28149K [0x00000000d5580000, 0x00000000e7f00000, 0x0000000100000000)
  eden space 199680K, 0% used [0x00000000d5580000,0x00000000d5580000,0x00000000e1880000)
  from space 28160K, 99% used [0x00000000e1880000,0x00000000e33fd4d0,0x00000000e3400000)
  to   space 35328K, 0% used [0x00000000e5c80000,0x00000000e5c80000,0x00000000e7f00000)
 ParOldGen       total 243712K, used 54397K [0x0000000080000000, 0x000000008ee00000, 0x00000000d5580000)
  object space 243712K, 22% used [0x0000000080000000,0x000000008351f7d0,0x000000008ee00000)
 Metaspace       used 76597K, capacity 80916K, committed 81172K, reserved 1118208K
  class space    used 10509K, capacity 11476K, committed 11580K, reserved 1048576K
}
Event: 37.941 GC heap before
{Heap before GC invocations=17 (full 3):
 PSYoungGen      total 227840K, used 227829K [0x00000000d5580000, 0x00000000e7f00000, 0x0000000100000000)
  eden space 199680K, 100% used [0x00000000d5580000,0x00000000e1880000,0x00000000e1880000)
  from space 28160K, 99% used [0x00000000e1880000,0x00000000e33fd4d0,0x00000000e3400000)
  to   space 35328K, 0% used [0x00000000e5c80000,0x00000000e5c80000,0x00000000e7f00000)
 ParOldGen       total 243712K, used 54397K [0x0000000080000000, 0x000000008ee00000, 0x00000000d5580000)
  object space 243712K, 22% used [0x0000000080000000,0x000000008351f7d0,0x000000008ee00000)
 Metaspace       used 77189K, capacity 81596K, committed 81684K, reserved 1120256K
  class space    used 10563K, capacity 11549K, committed 11580K, reserved 1048576K
Event: 37.993 GC heap after
Heap after GC invocations=17 (full 3):
 PSYoungGen      total 268288K, used 24622K [0x00000000d5580000, 0x00000000e8280000, 0x0000000100000000)
  eden space 232960K, 0% used [0x00000000d5580000,0x00000000d5580000,0x00000000e3900000)
  from space 35328K, 69% used [0x00000000e5c80000,0x00000000e748b8b0,0x00000000e7f00000)
  to   space 36352K, 0% used [0x00000000e3900000,0x00000000e3900000,0x00000000e5c80000)
 ParOldGen       total 243712K, used 71317K [0x0000000080000000, 0x000000008ee00000, 0x00000000d5580000)
  object space 243712K, 29% used [0x0000000080000000,0x00000000845a5688,0x000000008ee00000)
 Metaspace       used 77189K, capacity 81596K, committed 81684K, reserved 1120256K
  class space    used 10563K, capacity 11549K, committed 11580K, reserved 1048576K
}
Event: 4458.012 GC heap before
{Heap before GC invocations=18 (full 3):
 PSYoungGen      total 268288K, used 257582K [0x00000000d5580000, 0x00000000e8280000, 0x0000000100000000)
  eden space 232960K, 100% used [0x00000000d5580000,0x00000000e3900000,0x00000000e3900000)
  from space 35328K, 69% used [0x00000000e5c80000,0x00000000e748b8b0,0x00000000e7f00000)
  to   space 36352K, 0% used [0x00000000e3900000,0x00000000e3900000,0x00000000e5c80000)
 ParOldGen       total 243712K, used 71317K [0x0000000080000000, 0x000000008ee00000, 0x00000000d5580000)
  object space 243712K, 29% used [0x0000000080000000,0x00000000845a5688,0x000000008ee00000)
 Metaspace       used 84361K, capacity 89208K, committed 89492K, reserved 1126400K
  class space    used 11286K, capacity 12403K, committed 12476K, reserved 1048576K
Event: 4458.316 GC heap after
Heap after GC invocations=18 (full 3):
 PSYoungGen      total 269312K, used 36338K [0x00000000d5580000, 0x00000000eae80000, 0x0000000100000000)
  eden space 232960K, 0% used [0x00000000d5580000,0x00000000d5580000,0x00000000e3900000)
  from space 36352K, 99% used [0x00000000e3900000,0x00000000e5c7ca20,0x00000000e5c80000)
  to   space 43008K, 0% used [0x00000000e8480000,0x00000000e8480000,0x00000000eae80000)
 ParOldGen       total 243712K, used 74815K [0x0000000080000000, 0x000000008ee00000, 0x00000000d5580000)
  object space 243712K, 30% used [0x0000000080000000,0x000000008490fdc0,0x000000008ee00000)
 Metaspace       used 84361K, capacity 89208K, committed 89492K, reserved 1126400K
  class space    used 11286K, capacity 12403K, committed 12476K, reserved 1048576K
}
Event: 4463.655 GC heap before
{Heap before GC invocations=19 (full 3):
 PSYoungGen      total 269312K, used 269298K [0x00000000d5580000, 0x00000000eae80000, 0x0000000100000000)
  eden space 232960K, 100% used [0x00000000d5580000,0x00000000e3900000,0x00000000e3900000)
  from space 36352K, 99% used [0x00000000e3900000,0x00000000e5c7ca20,0x00000000e5c80000)
  to   space 43008K, 0% used [0x00000000e8480000,0x00000000e8480000,0x00000000eae80000)
 ParOldGen       total 243712K, used 74815K [0x0000000080000000, 0x000000008ee00000, 0x00000000d5580000)
  object space 243712K, 30% used [0x0000000080000000,0x000000008490fdc0,0x000000008ee00000)
 Metaspace       used 85871K, capacity 90794K, committed 90900K, reserved 1128448K
  class space    used 11464K, capacity 12586K, committed 12604K, reserved 1048576K
Event: 4463.777 GC heap after
Heap after GC invocations=19 (full 3):
 PSYoungGen      total 282624K, used 42994K [0x00000000d5580000, 0x00000000eec00000, 0x0000000100000000)
  eden space 239616K, 0% used [0x00000000d5580000,0x00000000d5580000,0x00000000e3f80000)
  from space 43008K, 99% used [0x00000000e8480000,0x00000000eae7ca18,0x00000000eae80000)
  to   space 70656K, 0% used [0x00000000e3f80000,0x00000000e3f80000,0x00000000e8480000)
 ParOldGen       total 243712K, used 131744K [0x0000000080000000, 0x000000008ee00000, 0x00000000d5580000)
  object space 243712K, 54% used [0x0000000080000000,0x00000000880a83b0,0x000000008ee00000)
 Metaspace       used 85871K, capacity 90794K, committed 90900K, reserved 1128448K
  class space    used 11464K, capacity 12586K, committed 12604K, reserved 1048576K
}
Event: 4468.443 GC heap before
{Heap before GC invocations=20 (full 3):
 PSYoungGen      total 282624K, used 282610K [0x00000000d5580000, 0x00000000eec00000, 0x0000000100000000)
  eden space 239616K, 100% used [0x00000000d5580000,0x00000000e3f80000,0x00000000e3f80000)
  from space 43008K, 99% used [0x00000000e8480000,0x00000000eae7ca18,0x00000000eae80000)
  to   space 70656K, 0% used [0x00000000e3f80000,0x00000000e3f80000,0x00000000e8480000)
 ParOldGen       total 243712K, used 131744K [0x0000000080000000, 0x000000008ee00000, 0x00000000d5580000)
  object space 243712K, 54% used [0x0000000080000000,0x00000000880a83b0,0x000000008ee00000)
 Metaspace       used 89825K, capacity 94882K, committed 95124K, reserved 1130496K
  class space    used 11972K, capacity 13122K, committed 13244K, reserved 1048576K
Event: 4468.514 GC heap after
Heap after GC invocations=20 (full 3):
 PSYoungGen      total 310272K, used 10075K [0x00000000d5580000, 0x00000000ee380000, 0x0000000100000000)
  eden space 239616K, 0% used [0x00000000d5580000,0x00000000d5580000,0x00000000e3f80000)
  from space 70656K, 14% used [0x00000000e3f80000,0x00000000e4956dc0,0x00000000e8480000)
  to   space 69120K, 0% used [0x00000000ea000000,0x00000000ea000000,0x00000000ee380000)
 ParOldGen       total 243712K, used 168027K [0x0000000080000000, 0x000000008ee00000, 0x00000000d5580000)
  object space 243712K, 68% used [0x0000000080000000,0x000000008a416dc0,0x000000008ee00000)
 Metaspace       used 89825K, capacity 94882K, committed 95124K, reserved 1130496K
  class space    used 11972K, capacity 13122K, committed 13244K, reserved 1048576K
}
Event: 4472.292 GC heap before
{Heap before GC invocations=21 (full 3):
 PSYoungGen      total 310272K, used 249691K [0x00000000d5580000, 0x00000000ee380000, 0x0000000100000000)
  eden space 239616K, 100% used [0x00000000d5580000,0x00000000e3f80000,0x00000000e3f80000)
  from space 70656K, 14% used [0x00000000e3f80000,0x00000000e4956dc0,0x00000000e8480000)
  to   space 69120K, 0% used [0x00000000ea000000,0x00000000ea000000,0x00000000ee380000)
 ParOldGen       total 243712K, used 168027K [0x0000000080000000, 0x000000008ee00000, 0x00000000d5580000)
  object space 243712K, 68% used [0x0000000080000000,0x000000008a416dc0,0x000000008ee00000)
 Metaspace       used 91508K, capacity 96638K, committed 96916K, reserved 1132544K
  class space    used 12224K, capacity 13406K, committed 13500K, reserved 1048576K
Event: 4472.336 GC heap after
Heap after GC invocations=21 (full 3):
 PSYoungGen      total 329216K, used 24774K [0x00000000d5580000, 0x00000000edb00000, 0x0000000100000000)
  eden space 268800K, 0% used [0x00000000d5580000,0x00000000d5580000,0x00000000e5c00000)
  from space 60416K, 41% used [0x00000000ea000000,0x00000000eb831b28,0x00000000edb00000)
  to   space 65024K, 0% used [0x00000000e5c00000,0x00000000e5c00000,0x00000000e9b80000)
 ParOldGen       total 243712K, used 168035K [0x0000000080000000, 0x000000008ee00000, 0x00000000d5580000)
  object space 243712K, 68% used [0x0000000080000000,0x000000008a418dc0,0x000000008ee00000)
 Metaspace       used 91508K, capacity 96638K, committed 96916K, reserved 1132544K
  class space    used 12224K, capacity 13406K, committed 13500K, reserved 1048576K
}
Event: 4560.915 GC heap before
{Heap before GC invocations=22 (full 3):
 PSYoungGen      total 329216K, used 293574K [0x00000000d5580000, 0x00000000edb00000, 0x0000000100000000)
  eden space 268800K, 100% used [0x00000000d5580000,0x00000000e5c00000,0x00000000e5c00000)
  from space 60416K, 41% used [0x00000000ea000000,0x00000000eb831b28,0x00000000edb00000)
  to   space 65024K, 0% used [0x00000000e5c00000,0x00000000e5c00000,0x00000000e9b80000)
 ParOldGen       total 243712K, used 168035K [0x0000000080000000, 0x000000008ee00000, 0x00000000d5580000)
  object space 243712K, 68% used [0x0000000080000000,0x000000008a418dc0,0x000000008ee00000)
 Metaspace       used 92498K, capacity 97946K, committed 98068K, reserved 1134592K
  class space    used 12323K, capacity 13570K, committed 13628K, reserved 1048576K
Event: 4561.014 GC heap after
Heap after GC invocations=22 (full 3):
 PSYoungGen      total 333824K, used 65002K [0x00000000d5580000, 0x00000000f1b80000, 0x0000000100000000)
  eden space 268800K, 0% used [0x00000000d5580000,0x00000000d5580000,0x00000000e5c00000)
  from space 65024K, 99% used [0x00000000e5c00000,0x00000000e9b7a8b8,0x00000000e9b80000)
  to   space 84480K, 0% used [0x00000000ec900000,0x00000000ec900000,0x00000000f1b80000)
 ParOldGen       total 243712K, used 191891K [0x0000000080000000, 0x000000008ee00000, 0x00000000d5580000)
  object space 243712K, 78% used [0x0000000080000000,0x000000008bb64fc0,0x000000008ee00000)
 Metaspace       used 92498K, capacity 97946K, committed 98068K, reserved 1134592K
  class space    used 12323K, capacity 13570K, committed 13628K, reserved 1048576K
}
Event: 4563.204 GC heap before
{Heap before GC invocations=23 (full 3):
 PSYoungGen      total 333824K, used 333802K [0x00000000d5580000, 0x00000000f1b80000, 0x0000000100000000)
  eden space 268800K, 100% used [0x00000000d5580000,0x00000000e5c00000,0x00000000e5c00000)
  from space 65024K, 99% used [0x00000000e5c00000,0x00000000e9b7a8b8,0x00000000e9b80000)
  to   space 84480K, 0% used [0x00000000ec900000,0x00000000ec900000,0x00000000f1b80000)
 ParOldGen       total 243712K, used 191891K [0x0000000080000000, 0x000000008ee00000, 0x00000000d5580000)
  object space 243712K, 78% used [0x0000000080000000,0x000000008bb64fc0,0x000000008ee00000)
 Metaspace       used 92594K, capacity 98080K, committed 98324K, reserved 1134592K
  class space    used 12324K, capacity 13571K, committed 13628K, reserved 1048576K
Event: 4563.296 GC heap after
Heap after GC invocations=23 (full 3):
 PSYoungGen      total 380416K, used 46406K [0x00000000d5580000, 0x00000000f2800000, 0x0000000100000000)
  eden space 295936K, 0% used [0x00000000d5580000,0x00000000d5580000,0x00000000e7680000)
  from space 84480K, 54% used [0x00000000ec900000,0x00000000ef651930,0x00000000f1b80000)
  to   space 84480K, 0% used [0x00000000e7680000,0x00000000e7680000,0x00000000ec900000)
 ParOldGen       total 243712K, used 211489K [0x0000000080000000, 0x000000008ee00000, 0x00000000d5580000)
  object space 243712K, 86% used [0x0000000080000000,0x000000008ce88508,0x000000008ee00000)
 Metaspace       used 92594K, capacity 98080K, committed 98324K, reserved 1134592K
  class space    used 12324K, capacity 13571K, committed 13628K, reserved 1048576K
}
Event: 4563.296 GC heap before
{Heap before GC invocations=24 (full 4):
 PSYoungGen      total 380416K, used 46406K [0x00000000d5580000, 0x00000000f2800000, 0x0000000100000000)
  eden space 295936K, 0% used [0x00000000d5580000,0x00000000d5580000,0x00000000e7680000)
  from space 84480K, 54% used [0x00000000ec900000,0x00000000ef651930,0x00000000f1b80000)
  to   space 84480K, 0% used [0x00000000e7680000,0x00000000e7680000,0x00000000ec900000)
 ParOldGen       total 243712K, used 211489K [0x0000000080000000, 0x000000008ee00000, 0x00000000d5580000)
  object space 243712K, 86% used [0x0000000080000000,0x000000008ce88508,0x000000008ee00000)
 Metaspace       used 92594K, capacity 98080K, committed 98324K, reserved 1134592K
  class space    used 12324K, capacity 13571K, committed 13628K, reserved 1048576K
Event: 4565.144 GC heap after
Heap after GC invocations=24 (full 4):
 PSYoungGen      total 380416K, used 0K [0x00000000d5580000, 0x00000000f2800000, 0x0000000100000000)
  eden space 295936K, 0% used [0x00000000d5580000,0x00000000d5580000,0x00000000e7680000)
  from space 84480K, 0% used [0x00000000ec900000,0x00000000ec900000,0x00000000f1b80000)
  to   space 84480K, 0% used [0x00000000e7680000,0x00000000e7680000,0x00000000ec900000)
 ParOldGen       total 387584K, used 79772K [0x0000000080000000, 0x0000000097a80000, 0x00000000d5580000)
  object space 387584K, 20% used [0x0000000080000000,0x0000000084de71b0,0x0000000097a80000)
 Metaspace       used 89650K, capacity 94262K, committed 98324K, reserved 1134592K
  class space    used 11867K, capacity 12961K, committed 13628K, reserved 1048576K
}
Event: 4850.812 GC heap before
{Heap before GC invocations=25 (full 4):
 PSYoungGen      total 380416K, used 295936K [0x00000000d5580000, 0x00000000f2800000, 0x0000000100000000)
  eden space 295936K, 100% used [0x00000000d5580000,0x00000000e7680000,0x00000000e7680000)
  from space 84480K, 0% used [0x00000000ec900000,0x00000000ec900000,0x00000000f1b80000)
  to   space 84480K, 0% used [0x00000000e7680000,0x00000000e7680000,0x00000000ec900000)
 ParOldGen       total 387584K, used 79772K [0x0000000080000000, 0x0000000097a80000, 0x00000000d5580000)
  object space 387584K, 20% used [0x0000000080000000,0x0000000084de71b0,0x0000000097a80000)
 Metaspace       used 90029K, capacity 94986K, committed 98324K, reserved 1134592K
  class space    used 11918K, capacity 13047K, committed 13628K, reserved 1048576K
Event: 4850.865 GC heap after
Heap after GC invocations=25 (full 4):
 PSYoungGen      total 380416K, used 67178K [0x00000000d5580000, 0x00000000f5580000, 0x0000000100000000)
  eden space 295936K, 0% used [0x00000000d5580000,0x00000000d5580000,0x00000000e7680000)
  from space 84480K, 79% used [0x00000000e7680000,0x00000000eb81a990,0x00000000ec900000)
  to   space 92160K, 0% used [0x00000000efb80000,0x00000000efb80000,0x00000000f5580000)
 ParOldGen       total 387584K, used 79780K [0x0000000080000000, 0x0000000097a80000, 0x00000000d5580000)
  object space 387584K, 20% used [0x0000000080000000,0x0000000084de91b0,0x0000000097a80000)
 Metaspace       used 90029K, capacity 94986K, committed 98324K, reserved 1134592K
  class space    used 11918K, capacity 13047K, committed 13628K, reserved 1048576K
}
Event: 4974.956 GC heap before
{Heap before GC invocations=26 (full 4):
 PSYoungGen      total 380416K, used 363114K [0x00000000d5580000, 0x00000000f5580000, 0x0000000100000000)
  eden space 295936K, 100% used [0x00000000d5580000,0x00000000e7680000,0x00000000e7680000)
  from space 84480K, 79% used [0x00000000e7680000,0x00000000eb81a990,0x00000000ec900000)
  to   space 92160K, 0% used [0x00000000efb80000,0x00000000efb80000,0x00000000f5580000)
 ParOldGen       total 387584K, used 79780K [0x0000000080000000, 0x0000000097a80000, 0x00000000d5580000)
  object space 387584K, 20% used [0x0000000080000000,0x0000000084de91b0,0x0000000097a80000)
 Metaspace       used 90145K, capacity 95076K, committed 98324K, reserved 1134592K
  class space    used 11926K, capacity 13060K, committed 13628K, reserved 1048576K
Event: 4975.025 GC heap after
Heap after GC invocations=26 (full 4):
 PSYoungGen      total 418816K, used 2394K [0x00000000d5580000, 0x00000000f4f80000, 0x0000000100000000)
  eden space 332800K, 0% used [0x00000000d5580000,0x00000000d5580000,0x00000000e9a80000)
  from space 86016K, 2% used [0x00000000efb80000,0x00000000efdd6930,0x00000000f4f80000)
  to   space 92672K, 0% used [0x00000000e9a80000,0x00000000e9a80000,0x00000000ef500000)
 ParOldGen       total 387584K, used 79788K [0x0000000080000000, 0x0000000097a80000, 0x00000000d5580000)
  object space 387584K, 20% used [0x0000000080000000,0x0000000084deb1b0,0x0000000097a80000)
 Metaspace       used 90145K, capacity 95076K, committed 98324K, reserved 1134592K
  class space    used 11926K, capacity 13060K, committed 13628K, reserved 1048576K
}
Event: 5251.968 GC heap before
{Heap before GC invocations=27 (full 4):
 PSYoungGen      total 418816K, used 335194K [0x00000000d5580000, 0x00000000f4f80000, 0x0000000100000000)
  eden space 332800K, 100% used [0x00000000d5580000,0x00000000e9a80000,0x00000000e9a80000)
  from space 86016K, 2% used [0x00000000efb80000,0x00000000efdd6930,0x00000000f4f80000)
  to   space 92672K, 0% used [0x00000000e9a80000,0x00000000e9a80000,0x00000000ef500000)
 ParOldGen       total 387584K, used 79788K [0x0000000080000000, 0x0000000097a80000, 0x00000000d5580000)
  object space 387584K, 20% used [0x0000000080000000,0x0000000084deb1b0,0x0000000097a80000)
 Metaspace       used 90326K, capacity 95366K, committed 98324K, reserved 1134592K
  class space    used 11934K, capacity 13075K, committed 13628K, reserved 1048576K
Event: 5252.033 GC heap after
Heap after GC invocations=27 (full 4):
 PSYoungGen      total 425472K, used 84167K [0x00000000d5580000, 0x00000000f8980000, 0x0000000100000000)
  eden space 332800K, 0% used [0x00000000d5580000,0x00000000d5580000,0x00000000e9a80000)
  from space 92672K, 90% used [0x00000000e9a80000,0x00000000eecb1d90,0x00000000ef500000)
  to   space 105472K, 0% used [0x00000000f2280000,0x00000000f2280000,0x00000000f8980000)
 ParOldGen       total 387584K, used 79796K [0x0000000080000000, 0x0000000097a80000, 0x00000000d5580000)
  object space 387584K, 20% used [0x0000000080000000,0x0000000084ded1b0,0x0000000097a80000)
 Metaspace       used 90326K, capacity 95366K, committed 98324K, reserved 1134592K
  class space    used 11934K, capacity 13075K, committed 13628K, reserved 1048576K
}
Event: 5262.508 GC heap before
{Heap before GC invocations=28 (full 4):
 PSYoungGen      total 425472K, used 416967K [0x00000000d5580000, 0x00000000f8980000, 0x0000000100000000)
  eden space 332800K, 100% used [0x00000000d5580000,0x00000000e9a80000,0x00000000e9a80000)
  from space 92672K, 90% used [0x00000000e9a80000,0x00000000eecb1d90,0x00000000ef500000)
  to   space 105472K, 0% used [0x00000000f2280000,0x00000000f2280000,0x00000000f8980000)
 ParOldGen       total 387584K, used 79796K [0x0000000080000000, 0x0000000097a80000, 0x00000000d5580000)
  object space 387584K, 20% used [0x0000000080000000,0x0000000084ded1b0,0x0000000097a80000)
 Metaspace       used 91554K, capacity 96652K, committed 98324K, reserved 1134592K
  class space    used 12056K, capacity 13172K, committed 13628K, reserved 1048576K
Event: 5262.531 GC heap after
Heap after GC invocations=28 (full 4):
 PSYoungGen      total 455680K, used 17206K [0x00000000d5580000, 0x00000000f7e80000, 0x0000000100000000)
  eden space 361472K, 0% used [0x00000000d5580000,0x00000000d5580000,0x00000000eb680000)
  from space 94208K, 18% used [0x00000000f2280000,0x00000000f334d910,0x00000000f7e80000)
  to   space 102400K, 0% used [0x00000000eb680000,0x00000000eb680000,0x00000000f1a80000)
 ParOldGen       total 387584K, used 79804K [0x0000000080000000, 0x0000000097a80000, 0x00000000d5580000)
  object space 387584K, 20% used [0x0000000080000000,0x0000000084def1b0,0x0000000097a80000)
 Metaspace       used 91554K, capacity 96652K, committed 98324K, reserved 1134592K
  class space    used 12056K, capacity 13172K, committed 13628K, reserved 1048576K
}

